2018-12-28 11:31:54: server is running at 3000 port...
2018-12-28 11:31:55: server is running at 3000 port...
2018-12-28 11:31:55: server is running at 3000 port...
2018-12-28 11:31:55: 数据库连接成功~~~
2018-12-28 11:31:55: server is running at 3000 port...
2018-12-28 11:31:56: 数据库连接成功~~~
2018-12-28 11:31:56: 数据库连接成功~~~
2018-12-28 11:31:56: 数据库连接成功~~~
2018-12-28 11:31:57: server is running at 3000 port...
2018-12-28 11:31:58: 数据库连接成功~~~
2018-12-28 11:32:10: server is running at 3000 port...
2018-12-28 11:32:10: server is running at 3000 port...
2018-12-28 11:32:11: 数据库连接成功~~~
2018-12-28 11:32:12: server is running at 3000 port...
2018-12-28 11:32:13: 数据库连接成功~~~
2018-12-28 11:32:13: server is running at 3000 port...
2018-12-28 11:32:15: server is running at 3000 port...
2018-12-28 11:32:16: server is running at 3000 port...
2018-12-28 11:32:16: 数据库连接成功~~~
2018-12-28 11:32:17: server is running at 3000 port...
2018-12-28 11:32:18: 数据库连接成功~~~
2018-12-28 11:32:19: server is running at 3000 port...
2018-12-28 11:32:20: server is running at 3000 port...
2018-12-28 11:32:20: server is running at 3000 port...
2018-12-28 11:32:21: server is running at 3000 port...
2018-12-28 11:32:21: server is running at 3000 port...
2018-12-28 11:32:23: server is running at 3000 port...
2018-12-28 11:32:23: server is running at 3000 port...
2018-12-28 11:32:24: server is running at 3000 port...
2018-12-28 11:32:24: server is running at 3000 port...
2018-12-28 11:32:25: server is running at 3000 port...
2018-12-28 11:32:25: server is running at 3000 port...
2018-12-28 11:32:26: server is running at 3000 port...
2018-12-28 11:32:26: server is running at 3000 port...
2018-12-28 11:32:27: server is running at 3000 port...
2018-12-28 11:32:27: server is running at 3000 port...
2018-12-28 11:32:28: server is running at 3000 port...
2018-12-28 11:32:28: 数据库连接成功~~~
2018-12-28 11:32:29: server is running at 3000 port...
2018-12-28 11:32:30: 数据库连接成功~~~
2018-12-28 11:32:31: server is running at 3000 port...
2018-12-28 11:32:32: server is running at 3000 port...
2018-12-28 11:32:32: server is running at 3000 port...
2018-12-28 11:32:33: 数据库连接成功~~~
2018-12-28 11:32:33: server is running at 3000 port...
2018-12-28 11:32:33: 数据库连接成功~~~
2018-12-28 11:32:33: 数据库连接成功~~~
2018-12-28 11:32:34: 数据库连接成功~~~
2018-12-28 11:32:56: server is running at 3000 port...
2018-12-28 11:32:57: 数据库连接成功~~~
2018-12-28 11:33:05: server is running at 3000 port...
2018-12-28 11:33:06: 数据库连接成功~~~
2018-12-28 11:33:14: server is running at 3000 port...
2018-12-28 11:33:15: 数据库连接成功~~~
2018-12-28 11:33:23: server is running at 3000 port...
2018-12-28 11:33:23: server is running at 3000 port...
2018-12-28 11:33:23: server is running at 3000 port...
2018-12-28 11:33:23: server is running at 3000 port...
2018-12-28 11:33:24: 数据库连接成功~~~
2018-12-28 11:33:24: 数据库连接成功~~~
2018-12-28 11:33:24: 数据库连接成功~~~
2018-12-28 11:33:25: 数据库连接成功~~~
2018-12-28 11:33:25: server is running at 3000 port...
2018-12-28 11:33:25: server is running at 3000 port...
2018-12-28 11:33:26: 数据库连接成功~~~
2018-12-28 11:33:26: server is running at 3000 port...
2018-12-28 11:33:26: server is running at 3000 port...
2018-12-28 11:33:27: server is running at 3000 port...
2018-12-28 11:33:27: server is running at 3000 port...
2018-12-28 11:33:28: server is running at 3000 port...
2018-12-28 11:33:28: server is running at 3000 port...
2018-12-28 11:33:28: server is running at 3000 port...
2018-12-28 11:33:29: server is running at 3000 port...
2018-12-28 11:33:29: 数据库连接成功~~~
2018-12-28 11:33:29: server is running at 3000 port...
2018-12-28 11:33:30: server is running at 3000 port...
2018-12-28 11:33:30: server is running at 3000 port...
2018-12-28 11:33:31: server is running at 3000 port...
2018-12-28 11:33:31: server is running at 3000 port...
2018-12-28 11:33:32: server is running at 3000 port...
2018-12-28 11:33:32: server is running at 3000 port...
2018-12-28 11:33:33: server is running at 3000 port...
2018-12-28 11:33:33: server is running at 3000 port...
2018-12-28 11:33:34: server is running at 3000 port...
2018-12-28 11:33:34: server is running at 3000 port...
2018-12-28 11:33:35: server is running at 3000 port...
2018-12-28 11:33:35: server is running at 3000 port...
2018-12-28 11:33:36: server is running at 3000 port...
2018-12-28 11:33:36: server is running at 3000 port...
2018-12-28 11:33:37: server is running at 3000 port...
2018-12-28 11:33:37: server is running at 3000 port...
2018-12-28 11:33:38: server is running at 3000 port...
2018-12-28 11:33:38: server is running at 3000 port...
2018-12-28 11:33:39: server is running at 3000 port...
2018-12-28 11:33:39: server is running at 3000 port...
2018-12-28 11:33:40: server is running at 3000 port...
2018-12-28 11:33:40: server is running at 3000 port...
2018-12-28 11:33:41: server is running at 3000 port...
2018-12-28 11:33:41: server is running at 3000 port...
2018-12-28 11:33:42: server is running at 3000 port...
2018-12-28 11:33:42: server is running at 3000 port...
2018-12-28 11:33:43: server is running at 3000 port...
2018-12-28 11:33:43: server is running at 3000 port...
2018-12-28 11:33:44: server is running at 3000 port...
2018-12-28 11:33:44: server is running at 3000 port...
2018-12-28 11:33:45: server is running at 3000 port...
2018-12-28 11:33:45: server is running at 3000 port...
2018-12-28 11:33:46: server is running at 3000 port...
2018-12-28 11:33:46: server is running at 3000 port...
2018-12-28 11:33:47: server is running at 3000 port...
2018-12-28 11:33:47: server is running at 3000 port...
2018-12-28 11:33:48: server is running at 3000 port...
2018-12-28 11:33:48: server is running at 3000 port...
2018-12-28 11:33:49: server is running at 3000 port...
2018-12-28 11:33:49: server is running at 3000 port...
2018-12-28 11:33:50: server is running at 3000 port...
2018-12-28 11:33:50: server is running at 3000 port...
2018-12-28 11:33:51: server is running at 3000 port...
2018-12-28 11:33:51: server is running at 3000 port...
2018-12-28 11:33:52: server is running at 3000 port...
2018-12-28 11:33:52: server is running at 3000 port...
2018-12-28 11:33:53: server is running at 3000 port...
2018-12-28 11:33:53: server is running at 3000 port...
2018-12-28 11:33:54: server is running at 3000 port...
2018-12-28 11:33:54: server is running at 3000 port...
2018-12-28 11:33:55: server is running at 3000 port...
2018-12-28 11:33:55: server is running at 3000 port...
2018-12-28 11:33:56: server is running at 3000 port...
2018-12-28 11:33:56: server is running at 3000 port...
2018-12-28 11:33:57: server is running at 3000 port...
2018-12-28 11:33:57: server is running at 3000 port...
2018-12-28 11:33:58: server is running at 3000 port...
2018-12-28 11:33:58: server is running at 3000 port...
2018-12-28 11:33:59: server is running at 3000 port...
2018-12-28 11:33:59: server is running at 3000 port...
2018-12-28 11:34:01: server is running at 3000 port...
2018-12-28 11:34:01: server is running at 3000 port...
2018-12-28 11:34:02: server is running at 3000 port...
2018-12-28 11:34:02: server is running at 3000 port...
2018-12-28 11:34:03: server is running at 3000 port...
2018-12-28 11:34:03: server is running at 3000 port...
2018-12-28 11:34:04: server is running at 3000 port...
2018-12-28 11:34:04: server is running at 3000 port...
2018-12-28 11:34:05: server is running at 3000 port...
2018-12-28 11:34:05: server is running at 3000 port...
2018-12-28 11:34:06: server is running at 3000 port...
2018-12-28 11:34:06: server is running at 3000 port...
2018-12-28 11:34:07: server is running at 3000 port...
2018-12-28 11:34:07: server is running at 3000 port...
2018-12-28 11:34:08: server is running at 3000 port...
2018-12-28 11:34:08: server is running at 3000 port...
2018-12-28 11:34:09: server is running at 3000 port...
2018-12-28 11:34:09: server is running at 3000 port...
2018-12-28 11:34:10: server is running at 3000 port...
2018-12-28 11:34:10: server is running at 3000 port...
2018-12-28 11:34:11: server is running at 3000 port...
2018-12-28 11:34:12: server is running at 3000 port...
2018-12-28 11:34:12: server is running at 3000 port...
2018-12-28 11:34:12: server is running at 3000 port...
2018-12-28 11:34:14: server is running at 3000 port...
2018-12-28 11:34:14: server is running at 3000 port...
2018-12-28 11:34:14: server is running at 3000 port...
2018-12-28 11:34:14: server is running at 3000 port...
2018-12-28 11:34:16: server is running at 3000 port...
2018-12-28 11:34:16: server is running at 3000 port...
2018-12-28 11:34:17: server is running at 3000 port...
2018-12-28 11:34:17: server is running at 3000 port...
2018-12-28 11:34:18: server is running at 3000 port...
2018-12-28 11:34:18: server is running at 3000 port...
2018-12-28 11:34:19: server is running at 3000 port...
2018-12-28 11:34:19: server is running at 3000 port...
2018-12-28 11:34:20: server is running at 3000 port...
2018-12-28 11:34:21: server is running at 3000 port...
2018-12-28 11:34:21: server is running at 3000 port...
2018-12-28 11:34:23: server is running at 3000 port...
2018-12-28 11:34:23: server is running at 3000 port...
2018-12-28 11:34:24: 数据库连接成功~~~
2018-12-28 11:34:24: 数据库连接成功~~~
2018-12-28 11:34:24: server is running at 3000 port...
2018-12-28 11:34:24: server is running at 3000 port...
2018-12-28 11:34:25: 数据库连接成功~~~
2018-12-28 11:34:26: server is running at 3000 port...
2018-12-28 11:34:26: 数据库连接成功~~~
2018-12-28 11:34:27: 数据库连接成功~~~
2018-12-28 11:34:35: server is running at 3000 port...
2018-12-28 11:34:36: 数据库连接成功~~~
2018-12-28 11:34:44: server is running at 3000 port...
2018-12-28 11:34:45: 数据库连接成功~~~
2018-12-28 11:34:53: server is running at 3000 port...
2018-12-28 11:34:54: 数据库连接成功~~~
2018-12-28 11:35:26: server is running at 3000 port...
2018-12-28 11:35:27: 数据库连接成功~~~
2018-12-28 11:35:33: true
2018-12-28 11:35:34: true
2018-12-28 11:35:34: true
2018-12-28 11:35:34: true
2018-12-28 11:35:34: true
2018-12-28 11:35:34: true
2018-12-28 11:35:34: true
2018-12-28 11:35:34: true
2018-12-28 11:35:34: true
2018-12-28 11:35:34: true
2018-12-28 11:35:34: true
2018-12-28 11:35:34: true
2018-12-28 11:35:34: true
2018-12-28 11:35:34: true
2018-12-28 11:35:34: true
2018-12-28 11:35:35: server is running at 3000 port...
2018-12-28 11:35:36: true
2018-12-28 11:35:36: 数据库连接成功~~~
2018-12-28 11:35:45: server is running at 3000 port...
2018-12-28 11:35:46: 数据库连接成功~~~
2018-12-28 11:35:54: server is running at 3000 port...
2018-12-28 11:35:55: true
2018-12-28 11:35:55: 数据库连接成功~~~
2018-12-28 11:35:57: true
2018-12-28 11:35:57: true
2018-12-28 11:35:57: true
2018-12-28 11:35:57: true
2018-12-28 11:35:57: true
2018-12-28 11:35:57: true
2018-12-28 11:35:57: true
2018-12-28 11:35:57: true
2018-12-28 11:35:57: true
2018-12-28 11:35:57: true
2018-12-28 11:35:57: true
2018-12-28 11:35:57: true
2018-12-28 11:36:06: true
2018-12-28 11:36:08: true
2018-12-28 11:36:10: true
2018-12-28 11:36:10: true
2018-12-28 11:36:10: true
2018-12-28 11:36:10: true
2018-12-28 11:36:10: true
2018-12-28 11:36:10: true
2018-12-28 11:36:10: true
2018-12-28 11:36:10: true
2018-12-28 11:36:10: true
2018-12-28 11:36:10: true
2018-12-28 11:36:10: true
2018-12-28 11:36:10: true
2018-12-28 11:36:26: server is running at 3000 port...
2018-12-28 11:36:27: 数据库连接成功~~~
2018-12-28 11:36:30: server is running at 3000 port...
2018-12-28 11:36:30: server is running at 3000 port...
2018-12-28 11:36:30: server is running at 3000 port...
2018-12-28 11:36:31: server is running at 3000 port...
2018-12-28 11:36:31: 数据库连接成功~~~
2018-12-28 11:36:31: 数据库连接成功~~~
2018-12-28 11:36:31: server is running at 3000 port...
2018-12-28 11:36:31: server is running at 3000 port...
2018-12-28 11:36:32: 数据库连接成功~~~
2018-12-28 11:36:32: 数据库连接成功~~~
2018-12-28 11:36:32: 数据库连接成功~~~
2018-12-28 11:36:32: 数据库连接成功~~~
2018-12-28 11:36:41: server is running at 3000 port...
2018-12-28 11:36:42: 数据库连接成功~~~
2018-12-28 11:36:50: server is running at 3000 port...
2018-12-28 11:36:51: 数据库连接成功~~~
2018-12-28 11:37:20: server is running at 3000 port...
2018-12-28 11:37:20: server is running at 3000 port...
2018-12-28 11:37:20: server is running at 3000 port...
2018-12-28 11:37:20: server is running at 3000 port...
2018-12-28 11:37:21: 数据库连接成功~~~
2018-12-28 11:37:21: 数据库连接成功~~~
2018-12-28 11:37:21: 数据库连接成功~~~
2018-12-28 11:37:21: 数据库连接成功~~~
2018-12-28 11:37:26: server is running at 3000 port...
2018-12-28 11:37:35: server is running at 3000 port...
2018-12-28 11:37:35: server is running at 3000 port...
2018-12-28 11:37:36: server is running at 3000 port...
2018-12-28 11:37:36: 数据库连接成功~~~
2018-12-28 11:37:36: 数据库连接成功~~~
2018-12-28 11:37:37: 数据库连接成功~~~
2018-12-28 11:37:56: server is running at 3000 port...
2018-12-28 11:37:57: 数据库连接成功~~~
2018-12-28 11:38:05: server is running at 3000 port...
2018-12-28 11:38:06: 数据库连接成功~~~
2018-12-28 11:38:14: server is running at 3000 port...
2018-12-28 11:38:15: 数据库连接成功~~~
2018-12-28 11:38:26: server is running at 3000 port...
2018-12-28 11:38:27: 数据库连接成功~~~
2018-12-28 11:38:35: server is running at 3000 port...
2018-12-28 11:38:36: 数据库连接成功~~~
2018-12-28 11:38:44: server is running at 3000 port...
2018-12-28 11:38:46: 数据库连接成功~~~
2018-12-28 11:38:56: server is running at 3000 port...
2018-12-28 11:38:57: 数据库连接成功~~~
2018-12-28 11:39:05: server is running at 3000 port...
2018-12-28 11:39:06: 数据库连接成功~~~
2018-12-28 11:39:14: server is running at 3000 port...
2018-12-28 11:39:15: 数据库连接成功~~~
2018-12-28 11:39:26: server is running at 3000 port...
2018-12-28 11:39:27: 数据库连接成功~~~
2018-12-28 11:39:35: server is running at 3000 port...
2018-12-28 11:39:36: 数据库连接成功~~~
2018-12-28 11:39:44: server is running at 3000 port...
2018-12-28 11:39:45: 数据库连接成功~~~
2018-12-28 11:39:56: server is running at 3000 port...
2018-12-28 11:39:57: 数据库连接成功~~~
2018-12-28 11:40:05: server is running at 3000 port...
2018-12-28 11:40:06: 数据库连接成功~~~
2018-12-28 11:40:14: server is running at 3000 port...
2018-12-28 11:40:15: 数据库连接成功~~~
2018-12-28 11:40:26: server is running at 3000 port...
2018-12-28 11:40:27: 数据库连接成功~~~
2018-12-28 11:40:35: server is running at 3000 port...
2018-12-28 11:40:36: 数据库连接成功~~~
2018-12-28 11:40:44: server is running at 3000 port...
2018-12-28 11:40:45: 数据库连接成功~~~
2018-12-28 11:40:56: server is running at 3000 port...
2018-12-28 11:40:57: 数据库连接成功~~~
2018-12-28 11:41:05: server is running at 3000 port...
2018-12-28 11:41:06: 数据库连接成功~~~
2018-12-28 11:41:14: server is running at 3000 port...
2018-12-28 11:41:15: 数据库连接成功~~~
2018-12-28 11:41:26: server is running at 3000 port...
2018-12-28 11:41:27: 数据库连接成功~~~
2018-12-28 11:41:35: server is running at 3000 port...
2018-12-28 11:41:36: 数据库连接成功~~~
2018-12-28 11:41:44: server is running at 3000 port...
2018-12-28 11:41:45: 数据库连接成功~~~
2018-12-28 11:41:56: server is running at 3000 port...
2018-12-28 11:41:57: 数据库连接成功~~~
2018-12-28 11:42:05: server is running at 3000 port...
2018-12-28 11:42:06: 数据库连接成功~~~
2018-12-28 11:42:14: server is running at 3000 port...
2018-12-28 11:42:15: 数据库连接成功~~~
2018-12-28 11:42:26: server is running at 3000 port...
2018-12-28 11:42:27: 数据库连接成功~~~
2018-12-28 11:42:35: server is running at 3000 port...
2018-12-28 11:42:36: 数据库连接成功~~~
2018-12-28 11:42:44: server is running at 3000 port...
2018-12-28 11:42:45: 数据库连接成功~~~
2018-12-28 11:42:56: server is running at 3000 port...
2018-12-28 11:42:57: 数据库连接成功~~~
2018-12-28 11:43:05: server is running at 3000 port...
2018-12-28 11:43:06: 数据库连接成功~~~
2018-12-28 11:43:15: server is running at 3000 port...
2018-12-28 11:43:16: 数据库连接成功~~~
2018-12-28 11:43:26: server is running at 3000 port...
2018-12-28 11:43:27: 数据库连接成功~~~
2018-12-28 11:43:35: server is running at 3000 port...
2018-12-28 11:43:36: 数据库连接成功~~~
2018-12-28 11:43:44: server is running at 3000 port...
2018-12-28 11:43:45: 数据库连接成功~~~
2018-12-28 11:43:56: server is running at 3000 port...
2018-12-28 11:43:57: 数据库连接成功~~~
2018-12-28 11:44:05: server is running at 3000 port...
2018-12-28 11:44:06: 数据库连接成功~~~
2018-12-28 11:44:14: server is running at 3000 port...
2018-12-28 11:44:15: 数据库连接成功~~~
2018-12-28 11:44:26: server is running at 3000 port...
2018-12-28 11:44:27: 数据库连接成功~~~
2018-12-28 11:44:35: server is running at 3000 port...
2018-12-28 11:44:36: 数据库连接成功~~~
2018-12-28 11:44:44: server is running at 3000 port...
2018-12-28 11:44:45: 数据库连接成功~~~
2018-12-28 11:44:56: server is running at 3000 port...
2018-12-28 11:44:57: 数据库连接成功~~~
2018-12-28 11:45:05: server is running at 3000 port...
2018-12-28 11:45:06: 数据库连接成功~~~
2018-12-28 11:45:14: server is running at 3000 port...
2018-12-28 11:45:15: 数据库连接成功~~~
2018-12-28 11:45:26: server is running at 3000 port...
2018-12-28 11:45:27: 数据库连接成功~~~
2018-12-28 11:45:35: server is running at 3000 port...
2018-12-28 11:45:36: 数据库连接成功~~~
2018-12-28 11:45:44: server is running at 3000 port...
2018-12-28 11:45:46: 数据库连接成功~~~
2018-12-28 11:45:56: server is running at 3000 port...
2018-12-28 11:45:57: 数据库连接成功~~~
2018-12-28 11:46:05: server is running at 3000 port...
2018-12-28 11:46:06: 数据库连接成功~~~
2018-12-28 11:46:14: server is running at 3000 port...
2018-12-28 11:46:15: 数据库连接成功~~~
2018-12-28 11:46:26: server is running at 3000 port...
2018-12-28 11:46:27: 数据库连接成功~~~
2018-12-28 11:46:35: server is running at 3000 port...
2018-12-28 11:46:36: 数据库连接成功~~~
2018-12-28 11:46:44: server is running at 3000 port...
2018-12-28 11:46:45: 数据库连接成功~~~
2018-12-28 11:46:56: server is running at 3000 port...
2018-12-28 11:46:57: 数据库连接成功~~~
2018-12-28 11:47:05: server is running at 3000 port...
2018-12-28 11:47:06: 数据库连接成功~~~
2018-12-28 11:47:14: server is running at 3000 port...
2018-12-28 11:47:15: 数据库连接成功~~~
2018-12-28 11:47:26: server is running at 3000 port...
2018-12-28 11:47:27: 数据库连接成功~~~
2018-12-28 11:47:35: server is running at 3000 port...
2018-12-28 11:47:36: 数据库连接成功~~~
2018-12-28 11:47:44: server is running at 3000 port...
2018-12-28 11:47:45: 数据库连接成功~~~
2018-12-28 11:47:56: server is running at 3000 port...
2018-12-28 11:47:57: 数据库连接成功~~~
2018-12-28 11:48:05: server is running at 3000 port...
2018-12-28 11:48:06: 数据库连接成功~~~
2018-12-28 11:48:14: server is running at 3000 port...
2018-12-28 11:48:15: 数据库连接成功~~~
2018-12-28 11:48:26: server is running at 3000 port...
2018-12-28 11:48:27: 数据库连接成功~~~
2018-12-28 11:48:35: server is running at 3000 port...
2018-12-28 11:48:36: 数据库连接成功~~~
2018-12-28 11:48:44: server is running at 3000 port...
2018-12-28 11:48:45: 数据库连接成功~~~
2018-12-28 11:48:56: server is running at 3000 port...
2018-12-28 11:48:57: 数据库连接成功~~~
2018-12-28 11:49:05: server is running at 3000 port...
2018-12-28 11:49:06: 数据库连接成功~~~
2018-12-28 11:49:14: server is running at 3000 port...
2018-12-28 11:49:15: 数据库连接成功~~~
2018-12-28 11:49:26: server is running at 3000 port...
2018-12-28 11:49:27: 数据库连接成功~~~
2018-12-28 11:49:35: server is running at 3000 port...
2018-12-28 11:49:36: 数据库连接成功~~~
2018-12-28 11:49:44: server is running at 3000 port...
2018-12-28 11:49:45: 数据库连接成功~~~
2018-12-28 11:49:56: server is running at 3000 port...
2018-12-28 11:49:57: 数据库连接成功~~~
2018-12-28 11:50:05: server is running at 3000 port...
2018-12-28 11:50:06: 数据库连接成功~~~
2018-12-28 11:50:14: server is running at 3000 port...
2018-12-28 11:50:15: 数据库连接成功~~~
2018-12-28 11:50:26: server is running at 3000 port...
2018-12-28 11:50:27: 数据库连接成功~~~
2018-12-28 11:50:35: server is running at 3000 port...
2018-12-28 11:50:36: 数据库连接成功~~~
2018-12-28 11:50:44: server is running at 3000 port...
2018-12-28 11:50:45: 数据库连接成功~~~
2018-12-28 11:50:56: server is running at 3000 port...
2018-12-28 11:50:57: 数据库连接成功~~~
2018-12-28 11:51:05: server is running at 3000 port...
2018-12-28 11:51:06: 数据库连接成功~~~
2018-12-28 11:51:14: server is running at 3000 port...
2018-12-28 11:51:15: 数据库连接成功~~~
2018-12-28 11:51:26: server is running at 3000 port...
2018-12-28 11:51:27: 数据库连接成功~~~
2018-12-28 11:51:35: server is running at 3000 port...
2018-12-28 11:51:36: 数据库连接成功~~~
2018-12-28 11:51:44: server is running at 3000 port...
2018-12-28 11:51:45: 数据库连接成功~~~
2018-12-28 11:51:56: server is running at 3000 port...
2018-12-28 11:51:57: 数据库连接成功~~~
2018-12-28 11:52:05: server is running at 3000 port...
2018-12-28 11:52:06: 数据库连接成功~~~
2018-12-28 11:52:14: server is running at 3000 port...
2018-12-28 11:52:15: 数据库连接成功~~~
2018-12-28 11:52:26: server is running at 3000 port...
2018-12-28 11:52:27: 数据库连接成功~~~
2018-12-28 11:52:35: server is running at 3000 port...
2018-12-28 11:52:36: 数据库连接成功~~~
2018-12-28 11:52:44: server is running at 3000 port...
2018-12-28 11:52:45: 数据库连接成功~~~
2018-12-28 11:52:56: server is running at 3000 port...
2018-12-28 11:52:57: 数据库连接成功~~~
2018-12-28 11:53:05: server is running at 3000 port...
2018-12-28 11:53:06: 数据库连接成功~~~
2018-12-28 11:53:14: server is running at 3000 port...
2018-12-28 11:53:15: 数据库连接成功~~~
2018-12-28 11:53:26: server is running at 3000 port...
2018-12-28 11:53:27: 数据库连接成功~~~
2018-12-28 11:53:35: server is running at 3000 port...
2018-12-28 11:53:36: 数据库连接成功~~~
2018-12-28 11:53:44: server is running at 3000 port...
2018-12-28 11:53:45: 数据库连接成功~~~
2018-12-28 11:53:56: server is running at 3000 port...
2018-12-28 11:53:57: 数据库连接成功~~~
2018-12-28 11:54:05: server is running at 3000 port...
2018-12-28 11:54:06: 数据库连接成功~~~
2018-12-28 11:54:15: server is running at 3000 port...
2018-12-28 11:54:16: 数据库连接成功~~~
2018-12-28 11:54:26: server is running at 3000 port...
2018-12-28 11:54:27: 数据库连接成功~~~
2018-12-28 11:54:35: server is running at 3000 port...
2018-12-28 11:54:36: 数据库连接成功~~~
2018-12-28 11:54:44: server is running at 3000 port...
2018-12-28 11:54:45: 数据库连接成功~~~
2018-12-28 11:54:56: server is running at 3000 port...
2018-12-28 11:54:57: 数据库连接成功~~~
2018-12-28 11:55:05: server is running at 3000 port...
2018-12-28 11:55:06: 数据库连接成功~~~
2018-12-28 11:55:14: server is running at 3000 port...
2018-12-28 11:55:15: 数据库连接成功~~~
2018-12-28 11:55:26: server is running at 3000 port...
2018-12-28 11:55:27: 数据库连接成功~~~
2018-12-28 11:55:34: Error: Argument passed in must be a single String of 12 bytes or a string of 24 hex characters
    at new ObjectID (E:\project\node\my-blog\node_modules\bson\lib\bson\objectid.js:57:11)
    at ObjectId.cast (E:\project\node\my-blog\node_modules\mongoose\lib\schema\objectid.js:148:14)
    at ObjectId.SchemaType.applySetters (E:\project\node\my-blog\node_modules\mongoose\lib\schematype.js:763:12)
    at ObjectId.SchemaType._castForQuery (E:\project\node\my-blog\node_modules\mongoose\lib\schematype.js:1166:15)
    at ObjectId.SchemaType.castForQuery (E:\project\node\my-blog\node_modules\mongoose\lib\schematype.js:1156:15)
    at ObjectId.SchemaType.castForQueryWrapper (E:\project\node\my-blog\node_modules\mongoose\lib\schematype.js:1135:15)
    at cast (E:\project\node\my-blog\node_modules\mongoose\lib\cast.js:251:34)
    at model.Query.Query.cast (E:\project\node\my-blog\node_modules\mongoose\lib\query.js:4024:12)
    at model.Query.Query._castConditions (E:\project\node\my-blog\node_modules\mongoose\lib\query.js:1690:10)
    at model.Query.Query._findOne (E:\project\node\my-blog\node_modules\mongoose\lib\query.js:1926:8)
    at process.nextTick (E:\project\node\my-blog\node_modules\kareem\index.js:369:33)
    at args.(anonymous function) (D:\devsoft\nodejs\node_global\node_modules\pm2\node_modules\event-loop-inspector\index.js:138:29)
    at process._tickCallback (internal/process/next_tick.js:61:11)
2018-12-28 11:55:35: server is running at 3000 port...
2018-12-28 11:55:36: 数据库连接成功~~~
2018-12-28 11:55:44: server is running at 3000 port...
2018-12-28 11:55:45: 数据库连接成功~~~
2018-12-28 11:55:56: server is running at 3000 port...
2018-12-28 11:55:57: 数据库连接成功~~~
2018-12-28 11:56:05: server is running at 3000 port...
2018-12-28 11:56:06: 数据库连接成功~~~
2018-12-28 11:56:14: server is running at 3000 port...
2018-12-28 11:56:15: 数据库连接成功~~~
2018-12-28 11:56:26: server is running at 3000 port...
2018-12-28 11:56:27: 数据库连接成功~~~
2018-12-28 11:56:35: server is running at 3000 port...
2018-12-28 11:56:36: 数据库连接成功~~~
2018-12-28 11:56:44: server is running at 3000 port...
2018-12-28 11:56:45: 数据库连接成功~~~
2018-12-28 11:56:56: server is running at 3000 port...
2018-12-28 11:56:57: 数据库连接成功~~~
2018-12-28 11:57:05: server is running at 3000 port...
2018-12-28 11:57:06: 数据库连接成功~~~
2018-12-28 11:57:14: server is running at 3000 port...
2018-12-28 11:57:15: 数据库连接成功~~~
2018-12-28 11:57:26: server is running at 3000 port...
2018-12-28 11:57:27: 数据库连接成功~~~
2018-12-28 11:57:35: server is running at 3000 port...
2018-12-28 11:57:36: 数据库连接成功~~~
2018-12-28 11:57:44: server is running at 3000 port...
2018-12-28 11:57:45: 数据库连接成功~~~
2018-12-28 11:57:56: server is running at 3000 port...
2018-12-28 11:57:57: 数据库连接成功~~~
2018-12-28 11:58:05: server is running at 3000 port...
2018-12-28 11:58:06: 数据库连接成功~~~
2018-12-28 11:58:14: server is running at 3000 port...
2018-12-28 11:58:15: 数据库连接成功~~~
2018-12-28 11:58:26: server is running at 3000 port...
2018-12-28 11:58:27: 数据库连接成功~~~
2018-12-28 11:58:35: server is running at 3000 port...
2018-12-28 11:58:36: 数据库连接成功~~~
2018-12-28 11:58:44: server is running at 3000 port...
2018-12-28 11:58:45: 数据库连接成功~~~
2018-12-28 11:58:56: server is running at 3000 port...
2018-12-28 11:58:57: 数据库连接成功~~~
2018-12-28 11:59:05: server is running at 3000 port...
2018-12-28 11:59:06: 数据库连接成功~~~
2018-12-28 11:59:14: server is running at 3000 port...
2018-12-28 11:59:15: 数据库连接成功~~~
2018-12-28 11:59:26: server is running at 3000 port...
2018-12-28 11:59:27: 数据库连接成功~~~
2018-12-28 11:59:35: server is running at 3000 port...
2018-12-28 11:59:36: 数据库连接成功~~~
2018-12-28 11:59:44: server is running at 3000 port...
2018-12-28 11:59:45: 数据库连接成功~~~
2018-12-28 11:59:56: server is running at 3000 port...
2018-12-28 11:59:57: 数据库连接成功~~~
2018-12-28 12:00:05: server is running at 3000 port...
2018-12-28 12:00:06: 数据库连接成功~~~
2018-12-28 12:00:14: server is running at 3000 port...
2018-12-28 12:00:15: 数据库连接成功~~~
2018-12-28 12:00:26: server is running at 3000 port...
2018-12-28 12:00:27: 数据库连接成功~~~
2018-12-28 12:00:35: server is running at 3000 port...
2018-12-28 12:00:36: 数据库连接成功~~~
2018-12-28 12:00:44: server is running at 3000 port...
2018-12-28 12:00:45: 数据库连接成功~~~
2018-12-28 12:00:56: server is running at 3000 port...
2018-12-28 12:00:57: 数据库连接成功~~~
2018-12-28 12:01:05: server is running at 3000 port...
2018-12-28 12:01:06: 数据库连接成功~~~
2018-12-28 12:01:14: server is running at 3000 port...
2018-12-28 12:01:15: 数据库连接成功~~~
2018-12-28 12:01:26: server is running at 3000 port...
2018-12-28 12:01:27: 数据库连接成功~~~
2018-12-28 12:01:35: server is running at 3000 port...
2018-12-28 12:01:36: 数据库连接成功~~~
2018-12-28 12:01:44: server is running at 3000 port...
2018-12-28 12:01:45: 数据库连接成功~~~
2018-12-28 12:01:56: server is running at 3000 port...
2018-12-28 12:01:57: 数据库连接成功~~~
2018-12-28 12:02:05: server is running at 3000 port...
2018-12-28 12:02:06: 数据库连接成功~~~
2018-12-28 12:02:14: server is running at 3000 port...
2018-12-28 12:02:15: 数据库连接成功~~~
2018-12-28 12:02:26: server is running at 3000 port...
2018-12-28 12:02:27: 数据库连接成功~~~
2018-12-28 12:02:35: server is running at 3000 port...
2018-12-28 12:02:36: 数据库连接成功~~~
2018-12-28 12:02:44: server is running at 3000 port...
2018-12-28 12:02:45: 数据库连接成功~~~
2018-12-28 12:02:56: server is running at 3000 port...
2018-12-28 12:02:57: 数据库连接成功~~~
2018-12-28 12:03:05: server is running at 3000 port...
2018-12-28 12:03:06: 数据库连接成功~~~
2018-12-28 12:03:14: server is running at 3000 port...
2018-12-28 12:03:15: 数据库连接成功~~~
2018-12-28 12:03:26: server is running at 3000 port...
2018-12-28 12:03:27: 数据库连接成功~~~
2018-12-28 12:03:35: server is running at 3000 port...
2018-12-28 12:03:36: 数据库连接成功~~~
2018-12-28 12:03:43: Error: Argument passed in must be a single String of 12 bytes or a string of 24 hex characters
    at new ObjectID (E:\project\node\my-blog\node_modules\bson\lib\bson\objectid.js:57:11)
    at ObjectId.cast (E:\project\node\my-blog\node_modules\mongoose\lib\schema\objectid.js:148:14)
    at ObjectId.SchemaType.applySetters (E:\project\node\my-blog\node_modules\mongoose\lib\schematype.js:763:12)
    at ObjectId.SchemaType._castForQuery (E:\project\node\my-blog\node_modules\mongoose\lib\schematype.js:1166:15)
    at ObjectId.SchemaType.castForQuery (E:\project\node\my-blog\node_modules\mongoose\lib\schematype.js:1156:15)
    at ObjectId.SchemaType.castForQueryWrapper (E:\project\node\my-blog\node_modules\mongoose\lib\schematype.js:1135:15)
    at cast (E:\project\node\my-blog\node_modules\mongoose\lib\cast.js:251:34)
    at model.Query.Query.cast (E:\project\node\my-blog\node_modules\mongoose\lib\query.js:4024:12)
    at model.Query.Query._castConditions (E:\project\node\my-blog\node_modules\mongoose\lib\query.js:1690:10)
    at model.Query.Query._findOne (E:\project\node\my-blog\node_modules\mongoose\lib\query.js:1926:8)
    at process.nextTick (E:\project\node\my-blog\node_modules\kareem\index.js:369:33)
    at args.(anonymous function) (D:\devsoft\nodejs\node_global\node_modules\pm2\node_modules\event-loop-inspector\index.js:138:29)
    at process._tickCallback (internal/process/next_tick.js:61:11)
2018-12-28 12:03:44: server is running at 3000 port...
2018-12-28 12:03:45: 数据库连接成功~~~
2018-12-28 12:03:56: server is running at 3000 port...
2018-12-28 12:03:57: 数据库连接成功~~~
2018-12-28 12:04:05: server is running at 3000 port...
2018-12-28 12:04:06: 数据库连接成功~~~
2018-12-28 12:04:14: server is running at 3000 port...
2018-12-28 12:04:15: 数据库连接成功~~~
2018-12-28 12:04:26: server is running at 3000 port...
2018-12-28 12:04:27: 数据库连接成功~~~
2018-12-28 12:04:35: server is running at 3000 port...
2018-12-28 12:04:36: 数据库连接成功~~~
2018-12-28 12:04:44: server is running at 3000 port...
2018-12-28 12:04:45: 数据库连接成功~~~
2018-12-28 12:04:56: server is running at 3000 port...
2018-12-28 12:04:57: 数据库连接成功~~~
2018-12-28 12:05:05: server is running at 3000 port...
2018-12-28 12:05:06: 数据库连接成功~~~
2018-12-28 12:05:14: server is running at 3000 port...
2018-12-28 12:05:15: 数据库连接成功~~~
2018-12-28 12:05:26: server is running at 3000 port...
2018-12-28 12:05:27: 数据库连接成功~~~
2018-12-28 12:05:35: server is running at 3000 port...
2018-12-28 12:05:36: 数据库连接成功~~~
2018-12-28 12:05:44: server is running at 3000 port...
2018-12-28 12:05:45: 数据库连接成功~~~
2018-12-28 13:42:19: server is running at 3000 port...
2018-12-28 13:42:19: server is running at 3000 port...
2018-12-28 13:42:19: server is running at 3000 port...
2018-12-28 13:42:19: server is running at 3000 port...
2018-12-28 13:42:21: server is running at 3000 port...
2018-12-28 13:42:21: server is running at 3000 port...
2018-12-28 13:42:21: server is running at 3000 port...
2018-12-28 13:42:21: server is running at 3000 port...
2018-12-28 13:42:22: server is running at 3000 port...
2018-12-28 13:42:22: server is running at 3000 port...
2018-12-28 13:42:23: server is running at 3000 port...
2018-12-28 13:42:23: server is running at 3000 port...
2018-12-28 13:42:24: server is running at 3000 port...
2018-12-28 13:42:24: server is running at 3000 port...
2018-12-28 13:42:24: server is running at 3000 port...
2018-12-28 13:42:24: server is running at 3000 port...
2018-12-28 13:42:26: server is running at 3000 port...
2018-12-28 13:42:26: server is running at 3000 port...
2018-12-28 13:42:27: server is running at 3000 port...
2018-12-28 13:42:27: server is running at 3000 port...
2018-12-28 13:42:27: server is running at 3000 port...
2018-12-28 13:42:28: server is running at 3000 port...
2018-12-28 13:42:28: server is running at 3000 port...
2018-12-28 13:42:28: server is running at 3000 port...
2018-12-28 13:42:29: server is running at 3000 port...
2018-12-28 13:42:29: server is running at 3000 port...
2018-12-28 13:42:29: server is running at 3000 port...
2018-12-28 13:42:30: server is running at 3000 port...
2018-12-28 13:42:30: server is running at 3000 port...
2018-12-28 13:42:31: server is running at 3000 port...
2018-12-28 13:42:31: server is running at 3000 port...
2018-12-28 13:42:31: server is running at 3000 port...
2018-12-28 13:42:32: server is running at 3000 port...
2018-12-28 13:42:33: server is running at 3000 port...
2018-12-28 13:42:33: server is running at 3000 port...
2018-12-28 13:42:33: server is running at 3000 port...
2018-12-28 13:42:33: server is running at 3000 port...
2018-12-28 13:42:33: server is running at 3000 port...
2018-12-28 13:42:34: server is running at 3000 port...
2018-12-28 13:42:35: server is running at 3000 port...
2018-12-28 13:42:35: server is running at 3000 port...
2018-12-28 13:42:35: server is running at 3000 port...
2018-12-28 13:42:35: server is running at 3000 port...
2018-12-28 13:42:35: server is running at 3000 port...
2018-12-28 13:42:36: server is running at 3000 port...
2018-12-28 13:42:36: server is running at 3000 port...
2018-12-28 13:42:37: server is running at 3000 port...
2018-12-28 13:42:37: server is running at 3000 port...
2018-12-28 13:42:37: server is running at 3000 port...
2018-12-28 13:42:37: server is running at 3000 port...
2018-12-28 13:42:38: server is running at 3000 port...
2018-12-28 13:42:38: server is running at 3000 port...
2018-12-28 13:42:38: server is running at 3000 port...
2018-12-28 13:42:38: server is running at 3000 port...
2018-12-28 13:42:39: server is running at 3000 port...
2018-12-28 13:42:39: server is running at 3000 port...
2018-12-28 13:42:40: server is running at 3000 port...
2018-12-28 13:42:40: server is running at 3000 port...
2018-12-28 13:42:40: server is running at 3000 port...
2018-12-28 13:42:41: server is running at 3000 port...
2018-12-28 13:42:41: server is running at 3000 port...
2018-12-28 13:42:42: server is running at 3000 port...
2018-12-28 13:42:42: server is running at 3000 port...
2018-12-28 13:42:42: server is running at 3000 port...
2018-12-28 13:42:42: server is running at 3000 port...
2018-12-28 13:42:43: server is running at 3000 port...
2018-12-28 13:42:43: server is running at 3000 port...
2018-12-28 13:42:43: server is running at 3000 port...
2018-12-28 13:42:45: server is running at 3000 port...
2018-12-28 13:42:45: server is running at 3000 port...
2018-12-28 13:42:45: server is running at 3000 port...
2018-12-28 13:42:45: server is running at 3000 port...
2018-12-28 13:42:45: server is running at 3000 port...
2018-12-28 13:42:46: server is running at 3000 port...
2018-12-28 13:42:46: server is running at 3000 port...
2018-12-28 13:42:47: server is running at 3000 port...
2018-12-28 13:42:48: server is running at 3000 port...
2018-12-28 13:42:48: server is running at 3000 port...
2018-12-28 13:42:49: server is running at 3000 port...
2018-12-28 13:42:50: server is running at 3000 port...
2018-12-28 13:42:50: server is running at 3000 port...
2018-12-28 13:42:51: server is running at 3000 port...
2018-12-28 13:42:51: server is running at 3000 port...
2018-12-28 13:42:52: server is running at 3000 port...
2018-12-28 13:42:53: server is running at 3000 port...
2018-12-28 13:42:53: server is running at 3000 port...
2018-12-28 13:42:53: server is running at 3000 port...
2018-12-28 13:42:54: server is running at 3000 port...
2018-12-28 13:42:55: server is running at 3000 port...
2018-12-28 13:42:55: server is running at 3000 port...
2018-12-28 13:42:55: server is running at 3000 port...
2018-12-28 13:42:55: server is running at 3000 port...
2018-12-28 13:42:55: server is running at 3000 port...
2018-12-28 13:42:55: server is running at 3000 port...
2018-12-28 13:42:56: server is running at 3000 port...
2018-12-28 13:42:56: server is running at 3000 port...
2018-12-28 13:42:57: server is running at 3000 port...
2018-12-28 13:42:57: server is running at 3000 port...
2018-12-28 13:42:57: server is running at 3000 port...
2018-12-28 13:42:57: server is running at 3000 port...
2018-12-28 13:42:57: server is running at 3000 port...
2018-12-28 13:42:58: server is running at 3000 port...
2018-12-28 13:42:58: server is running at 3000 port...
2018-12-28 13:42:58: server is running at 3000 port...
2018-12-28 13:42:59: server is running at 3000 port...
2018-12-28 13:43:00: server is running at 3000 port...
2018-12-28 13:43:00: server is running at 3000 port...
2018-12-28 13:43:00: server is running at 3000 port...
2018-12-28 13:43:00: server is running at 3000 port...
2018-12-28 13:43:01: server is running at 3000 port...
2018-12-28 13:43:01: server is running at 3000 port...
2018-12-28 13:43:01: server is running at 3000 port...
2018-12-28 13:43:01: server is running at 3000 port...
2018-12-28 13:43:02: server is running at 3000 port...
2018-12-28 13:43:02: server is running at 3000 port...
2018-12-28 13:43:03: server is running at 3000 port...
2018-12-28 13:43:03: server is running at 3000 port...
2018-12-28 13:43:03: server is running at 3000 port...
2018-12-28 13:43:03: server is running at 3000 port...
2018-12-28 13:43:04: server is running at 3000 port...
2018-12-28 13:43:04: server is running at 3000 port...
2018-12-28 13:43:04: server is running at 3000 port...
2018-12-28 13:43:04: server is running at 3000 port...
2018-12-28 13:43:05: server is running at 3000 port...
2018-12-28 13:43:05: server is running at 3000 port...
2018-12-28 13:43:05: server is running at 3000 port...
2018-12-28 13:43:05: server is running at 3000 port...
2018-12-28 13:43:05: server is running at 3000 port...
2018-12-28 13:43:06: server is running at 3000 port...
2018-12-28 13:43:07: server is running at 3000 port...
2018-12-28 13:43:07: server is running at 3000 port...
2018-12-28 13:43:08: server is running at 3000 port...
2018-12-28 13:43:08: server is running at 3000 port...
2018-12-28 13:43:08: server is running at 3000 port...
2018-12-28 13:43:08: server is running at 3000 port...
2018-12-28 13:43:08: server is running at 3000 port...
2018-12-28 13:43:08: server is running at 3000 port...
2018-12-28 13:43:08: server is running at 3000 port...
2018-12-28 13:43:09: server is running at 3000 port...
2018-12-28 13:43:10: server is running at 3000 port...
2018-12-28 13:43:10: server is running at 3000 port...
2018-12-28 13:43:11: server is running at 3000 port...
2018-12-28 13:43:11: server is running at 3000 port...
2018-12-28 13:43:11: server is running at 3000 port...
2018-12-28 13:43:11: server is running at 3000 port...
2018-12-28 13:43:11: server is running at 3000 port...
2018-12-28 13:43:11: server is running at 3000 port...
2018-12-28 13:43:12: server is running at 3000 port...
2018-12-28 13:43:13: server is running at 3000 port...
2018-12-28 13:43:13: server is running at 3000 port...
2018-12-28 13:43:13: server is running at 3000 port...
2018-12-28 13:43:14: server is running at 3000 port...
2018-12-28 13:43:14: server is running at 3000 port...
2018-12-28 13:43:14: server is running at 3000 port...
2018-12-28 13:43:14: server is running at 3000 port...
2018-12-28 13:43:14: server is running at 3000 port...
2018-12-28 13:43:14: server is running at 3000 port...
2018-12-28 13:43:16: server is running at 3000 port...
2018-12-28 13:43:16: server is running at 3000 port...
2018-12-28 13:43:16: server is running at 3000 port...
2018-12-28 13:43:16: server is running at 3000 port...
2018-12-28 13:43:16: server is running at 3000 port...
2018-12-28 13:43:16: server is running at 3000 port...
2018-12-28 13:43:17: server is running at 3000 port...
2018-12-28 13:43:17: server is running at 3000 port...
2018-12-28 13:43:18: server is running at 3000 port...
2018-12-28 13:43:18: server is running at 3000 port...
2018-12-28 13:43:19: server is running at 3000 port...
2018-12-28 13:43:19: server is running at 3000 port...
2018-12-28 13:43:19: server is running at 3000 port...
2018-12-28 13:43:19: server is running at 3000 port...
2018-12-28 13:43:20: server is running at 3000 port...
2018-12-28 13:43:20: server is running at 3000 port...
2018-12-28 13:43:20: server is running at 3000 port...
2018-12-28 13:43:21: server is running at 3000 port...
2018-12-28 13:43:21: server is running at 3000 port...
2018-12-28 13:43:21: server is running at 3000 port...
2018-12-28 13:43:21: server is running at 3000 port...
2018-12-28 13:43:22: server is running at 3000 port...
2018-12-28 13:43:22: server is running at 3000 port...
2018-12-28 13:43:22: server is running at 3000 port...
2018-12-28 13:43:23: server is running at 3000 port...
2018-12-28 13:43:23: server is running at 3000 port...
2018-12-28 13:43:23: server is running at 3000 port...
2018-12-28 13:43:23: server is running at 3000 port...
2018-12-28 13:43:24: server is running at 3000 port...
2018-12-28 13:43:25: server is running at 3000 port...
2018-12-28 13:43:25: server is running at 3000 port...
2018-12-28 13:43:25: server is running at 3000 port...
2018-12-28 13:43:26: server is running at 3000 port...
2018-12-28 13:43:26: server is running at 3000 port...
2018-12-28 13:43:26: server is running at 3000 port...
2018-12-28 13:43:26: server is running at 3000 port...
2018-12-28 13:43:27: server is running at 3000 port...
2018-12-28 13:43:28: server is running at 3000 port...
2018-12-28 13:43:28: server is running at 3000 port...
2018-12-28 13:43:28: server is running at 3000 port...
2018-12-28 13:43:28: server is running at 3000 port...
2018-12-28 13:43:29: server is running at 3000 port...
2018-12-28 13:43:30: server is running at 3000 port...
2018-12-28 13:43:30: server is running at 3000 port...
2018-12-28 13:43:30: server is running at 3000 port...
2018-12-28 13:43:31: server is running at 3000 port...
2018-12-28 13:43:31: server is running at 3000 port...
2018-12-28 13:43:31: server is running at 3000 port...
2018-12-28 13:43:32: server is running at 3000 port...
2018-12-28 13:43:32: server is running at 3000 port...
2018-12-28 13:43:32: server is running at 3000 port...
2018-12-28 13:43:33: server is running at 3000 port...
2018-12-28 13:43:33: server is running at 3000 port...
2018-12-28 13:43:33: server is running at 3000 port...
2018-12-28 13:43:33: server is running at 3000 port...
2018-12-28 13:43:34: server is running at 3000 port...
2018-12-28 13:43:34: server is running at 3000 port...
2018-12-28 13:43:35: server is running at 3000 port...
2018-12-28 13:43:35: server is running at 3000 port...
2018-12-28 13:43:35: server is running at 3000 port...
2018-12-28 13:43:35: server is running at 3000 port...
2018-12-28 13:43:35: server is running at 3000 port...
2018-12-28 13:43:36: server is running at 3000 port...
2018-12-28 13:43:36: server is running at 3000 port...
2018-12-28 13:43:36: server is running at 3000 port...
2018-12-28 13:43:37: server is running at 3000 port...
2018-12-28 13:43:38: server is running at 3000 port...
2018-12-28 13:43:39: server is running at 3000 port...
2018-12-28 13:43:40: server is running at 3000 port...
2018-12-28 13:43:41: server is running at 3000 port...
2018-12-28 13:43:42: server is running at 3000 port...
2018-12-28 13:43:43: server is running at 3000 port...
2018-12-28 13:43:44: server is running at 3000 port...
2018-12-28 13:43:44: server is running at 3000 port...
2018-12-28 13:43:45: server is running at 3000 port...
2018-12-28 13:43:47: server is running at 3000 port...
2018-12-28 13:43:47: server is running at 3000 port...
2018-12-28 13:43:47: server is running at 3000 port...
2018-12-28 13:43:47: server is running at 3000 port...
2018-12-28 13:43:48: server is running at 3000 port...
2018-12-28 13:43:48: server is running at 3000 port...
2018-12-28 13:43:48: server is running at 3000 port...
2018-12-28 13:43:49: server is running at 3000 port...
2018-12-28 13:43:50: server is running at 3000 port...
2018-12-28 13:43:50: server is running at 3000 port...
2018-12-28 13:43:50: server is running at 3000 port...
2018-12-28 13:43:50: server is running at 3000 port...
2018-12-28 13:43:51: server is running at 3000 port...
2018-12-28 13:43:51: server is running at 3000 port...
2018-12-28 13:43:51: server is running at 3000 port...
2018-12-28 13:43:51: server is running at 3000 port...
2018-12-28 13:43:52: server is running at 3000 port...
2018-12-28 13:43:52: server is running at 3000 port...
2018-12-28 13:43:52: server is running at 3000 port...
2018-12-28 13:43:53: server is running at 3000 port...
2018-12-28 13:43:54: server is running at 3000 port...
2018-12-28 13:43:54: server is running at 3000 port...
2018-12-28 13:43:54: server is running at 3000 port...
2018-12-28 13:43:54: server is running at 3000 port...
2018-12-28 13:43:55: server is running at 3000 port...
2018-12-28 13:43:55: server is running at 3000 port...
2018-12-28 13:43:55: server is running at 3000 port...
2018-12-28 13:43:56: server is running at 3000 port...
2018-12-28 13:43:57: server is running at 3000 port...
2018-12-28 13:43:57: server is running at 3000 port...
2018-12-28 13:43:57: server is running at 3000 port...
2018-12-28 13:43:58: server is running at 3000 port...
2018-12-28 13:43:58: server is running at 3000 port...
2018-12-28 13:43:58: server is running at 3000 port...
2018-12-28 13:43:58: server is running at 3000 port...
2018-12-28 13:43:59: server is running at 3000 port...
2018-12-28 13:43:59: server is running at 3000 port...
2018-12-28 13:43:59: server is running at 3000 port...
2018-12-28 13:44:00: server is running at 3000 port...
2018-12-28 13:44:00: server is running at 3000 port...
2018-12-28 13:44:01: server is running at 3000 port...
2018-12-28 13:44:01: server is running at 3000 port...
2018-12-28 13:44:01: server is running at 3000 port...
2018-12-28 13:44:02: server is running at 3000 port...
2018-12-28 13:44:02: server is running at 3000 port...
2018-12-28 13:44:02: server is running at 3000 port...
2018-12-28 13:44:03: server is running at 3000 port...
2018-12-28 13:44:03: server is running at 3000 port...
2018-12-28 13:44:03: server is running at 3000 port...
2018-12-28 13:44:04: server is running at 3000 port...
2018-12-28 13:44:04: server is running at 3000 port...
2018-12-28 13:44:04: server is running at 3000 port...
2018-12-28 13:44:05: server is running at 3000 port...
2018-12-28 13:44:05: server is running at 3000 port...
2018-12-28 13:44:05: server is running at 3000 port...
2018-12-28 13:44:06: server is running at 3000 port...
2018-12-28 13:44:06: server is running at 3000 port...
2018-12-28 13:44:06: server is running at 3000 port...
2018-12-28 13:44:07: server is running at 3000 port...
2018-12-28 13:44:07: server is running at 3000 port...
2018-12-28 13:44:07: server is running at 3000 port...
2018-12-28 13:44:08: server is running at 3000 port...
2018-12-28 13:44:08: server is running at 3000 port...
2018-12-28 13:44:08: server is running at 3000 port...
2018-12-28 13:44:09: server is running at 3000 port...
2018-12-28 13:44:09: server is running at 3000 port...
2018-12-28 13:44:09: server is running at 3000 port...
2018-12-28 13:44:10: server is running at 3000 port...
2018-12-28 13:44:10: server is running at 3000 port...
2018-12-28 13:44:10: server is running at 3000 port...
2018-12-28 13:44:11: server is running at 3000 port...
2018-12-28 13:44:11: server is running at 3000 port...
2018-12-28 13:44:12: server is running at 3000 port...
2018-12-28 13:44:12: server is running at 3000 port...
2018-12-28 13:44:13: server is running at 3000 port...
2018-12-28 13:44:13: server is running at 3000 port...
2018-12-28 13:44:13: server is running at 3000 port...
2018-12-28 13:44:14: server is running at 3000 port...
2018-12-28 13:44:14: server is running at 3000 port...
2018-12-28 13:44:15: server is running at 3000 port...
2018-12-28 13:44:15: server is running at 3000 port...
2018-12-28 13:44:15: server is running at 3000 port...
2018-12-28 13:44:16: server is running at 3000 port...
2018-12-28 13:44:16: server is running at 3000 port...
2018-12-28 13:44:16: server is running at 3000 port...
2018-12-28 13:44:16: server is running at 3000 port...
2018-12-28 13:44:17: server is running at 3000 port...
2018-12-28 13:44:17: server is running at 3000 port...
2018-12-28 13:44:18: server is running at 3000 port...
2018-12-28 13:44:18: server is running at 3000 port...
2018-12-28 13:44:18: server is running at 3000 port...
2018-12-28 13:44:19: server is running at 3000 port...
2018-12-28 13:44:19: server is running at 3000 port...
2018-12-28 13:44:19: server is running at 3000 port...
2018-12-28 13:44:20: server is running at 3000 port...
2018-12-28 13:44:20: server is running at 3000 port...
2018-12-28 13:44:20: server is running at 3000 port...
2018-12-28 13:44:20: server is running at 3000 port...
2018-12-28 13:44:21: server is running at 3000 port...
2018-12-28 13:44:21: server is running at 3000 port...
2018-12-28 13:44:21: server is running at 3000 port...
2018-12-28 13:44:22: server is running at 3000 port...
2018-12-28 13:44:22: server is running at 3000 port...
2018-12-28 13:44:22: server is running at 3000 port...
2018-12-28 13:44:23: server is running at 3000 port...
2018-12-28 13:44:23: server is running at 3000 port...
2018-12-28 13:44:24: server is running at 3000 port...
2018-12-28 13:44:24: server is running at 3000 port...
2018-12-28 13:44:24: server is running at 3000 port...
2018-12-28 13:44:24: server is running at 3000 port...
2018-12-28 13:44:25: server is running at 3000 port...
2018-12-28 13:44:25: server is running at 3000 port...
2018-12-28 13:44:26: server is running at 3000 port...
2018-12-28 13:44:26: server is running at 3000 port...
2018-12-28 13:44:27: server is running at 3000 port...
2018-12-28 13:44:27: server is running at 3000 port...
2018-12-28 13:44:27: server is running at 3000 port...
2018-12-28 13:44:28: server is running at 3000 port...
2018-12-28 13:44:28: server is running at 3000 port...
2018-12-28 13:44:28: server is running at 3000 port...
2018-12-28 13:44:29: server is running at 3000 port...
2018-12-28 13:44:30: server is running at 3000 port...
2018-12-28 13:44:31: server is running at 3000 port...
2018-12-28 13:44:32: server is running at 3000 port...
2018-12-28 13:44:33: server is running at 3000 port...
2018-12-28 13:44:34: server is running at 3000 port...
2018-12-28 13:44:46: true
2018-12-28 13:44:46: true
2018-12-28 13:44:46: true
2018-12-28 13:44:46: true
2018-12-28 13:44:46: true
2018-12-28 13:44:46: true
2018-12-28 13:44:46: true
2018-12-28 13:44:47: true
2018-12-28 13:44:47: true
2018-12-28 13:44:47: true
2018-12-28 13:44:49: true
2018-12-28 13:44:51: true
2018-12-28 13:44:53: true
2018-12-28 13:44:53: true
2018-12-28 13:44:53: true
2018-12-28 13:44:53: true
2018-12-28 13:44:53: true
2018-12-28 13:44:53: true
2018-12-28 13:44:53: true
2018-12-28 13:53:56: server is running at 3000 port...
2018-12-28 13:53:56: server is running at 3000 port...
2018-12-28 13:53:56: server is running at 3000 port...
2018-12-28 13:53:56: server is running at 3000 port...
2018-12-28 13:53:58: server is running at 3000 port...
2018-12-28 13:53:58: server is running at 3000 port...
2018-12-28 13:53:58: server is running at 3000 port...
2018-12-28 13:53:58: server is running at 3000 port...
2018-12-28 13:54:00: server is running at 3000 port...
2018-12-28 13:54:00: server is running at 3000 port...
2018-12-28 13:54:00: server is running at 3000 port...
2018-12-28 13:54:00: server is running at 3000 port...
2018-12-28 13:54:01: server is running at 3000 port...
2018-12-28 13:54:01: server is running at 3000 port...
2018-12-28 13:54:01: server is running at 3000 port...
2018-12-28 13:54:02: server is running at 3000 port...
2018-12-28 13:54:03: server is running at 3000 port...
2018-12-28 13:54:03: server is running at 3000 port...
2018-12-28 13:54:03: server is running at 3000 port...
2018-12-28 13:54:03: server is running at 3000 port...
2018-12-28 13:54:04: server is running at 3000 port...
2018-12-28 13:54:04: server is running at 3000 port...
2018-12-28 13:54:04: server is running at 3000 port...
2018-12-28 13:54:05: server is running at 3000 port...
2018-12-28 13:54:05: server is running at 3000 port...
2018-12-28 13:54:06: server is running at 3000 port...
2018-12-28 13:54:06: server is running at 3000 port...
2018-12-28 13:54:06: server is running at 3000 port...
2018-12-28 13:54:07: server is running at 3000 port...
2018-12-28 13:54:07: server is running at 3000 port...
2018-12-28 13:54:07: server is running at 3000 port...
2018-12-28 13:54:07: server is running at 3000 port...
2018-12-28 13:54:08: server is running at 3000 port...
2018-12-28 13:54:08: server is running at 3000 port...
2018-12-28 13:54:08: server is running at 3000 port...
2018-12-28 13:54:09: server is running at 3000 port...
2018-12-28 13:54:09: server is running at 3000 port...
2018-12-28 13:54:10: server is running at 3000 port...
2018-12-28 13:54:10: server is running at 3000 port...
2018-12-28 13:54:10: server is running at 3000 port...
2018-12-28 13:54:11: server is running at 3000 port...
2018-12-28 13:54:11: server is running at 3000 port...
2018-12-28 13:54:11: server is running at 3000 port...
2018-12-28 13:54:12: server is running at 3000 port...
2018-12-28 13:54:12: server is running at 3000 port...
2018-12-28 13:54:12: server is running at 3000 port...
2018-12-28 13:54:12: server is running at 3000 port...
2018-12-28 13:54:13: server is running at 3000 port...
2018-12-28 13:54:13: server is running at 3000 port...
2018-12-28 13:54:14: server is running at 3000 port...
2018-12-28 13:54:14: server is running at 3000 port...
2018-12-28 13:54:14: server is running at 3000 port...
2018-12-28 13:54:15: server is running at 3000 port...
2018-12-28 13:54:15: server is running at 3000 port...
2018-12-28 13:54:15: server is running at 3000 port...
2018-12-28 13:54:16: server is running at 3000 port...
2018-12-28 13:54:16: server is running at 3000 port...
2018-12-28 13:54:16: server is running at 3000 port...
2018-12-28 13:54:17: server is running at 3000 port...
2018-12-28 13:54:17: server is running at 3000 port...
2018-12-28 13:54:18: server is running at 3000 port...
2018-12-28 13:54:18: server is running at 3000 port...
2018-12-28 13:54:18: server is running at 3000 port...
2018-12-28 13:54:19: server is running at 3000 port...
2018-12-28 13:54:19: server is running at 3000 port...
2018-12-28 13:54:19: server is running at 3000 port...
2018-12-28 13:54:19: server is running at 3000 port...
2018-12-28 13:54:20: server is running at 3000 port...
2018-12-28 13:54:21: server is running at 3000 port...
2018-12-28 13:54:21: server is running at 3000 port...
2018-12-28 13:54:21: server is running at 3000 port...
2018-12-28 13:54:22: server is running at 3000 port...
2018-12-28 13:54:23: server is running at 3000 port...
2018-12-28 13:54:23: server is running at 3000 port...
2018-12-28 13:54:23: server is running at 3000 port...
2018-12-28 13:54:24: server is running at 3000 port...
2018-12-28 13:54:25: server is running at 3000 port...
2018-12-28 13:54:25: server is running at 3000 port...
2018-12-28 13:54:25: server is running at 3000 port...
2018-12-28 13:54:26: server is running at 3000 port...
2018-12-28 13:54:26: server is running at 3000 port...
2018-12-28 13:54:26: server is running at 3000 port...
2018-12-28 13:54:27: server is running at 3000 port...
2018-12-28 13:54:27: server is running at 3000 port...
2018-12-28 13:54:28: server is running at 3000 port...
2018-12-28 13:54:28: server is running at 3000 port...
2018-12-28 13:54:28: server is running at 3000 port...
2018-12-28 13:54:29: server is running at 3000 port...
2018-12-28 13:54:29: server is running at 3000 port...
2018-12-28 13:54:29: server is running at 3000 port...
2018-12-28 13:54:29: server is running at 3000 port...
2018-12-28 13:54:30: server is running at 3000 port...
2018-12-28 13:54:30: server is running at 3000 port...
2018-12-28 13:54:30: server is running at 3000 port...
2018-12-28 13:54:30: server is running at 3000 port...
2018-12-28 13:54:31: server is running at 3000 port...
2018-12-28 13:54:32: server is running at 3000 port...
2018-12-28 13:54:32: server is running at 3000 port...
2018-12-28 13:54:32: server is running at 3000 port...
2018-12-28 13:54:33: server is running at 3000 port...
2018-12-28 13:54:33: server is running at 3000 port...
2018-12-28 13:54:33: server is running at 3000 port...
2018-12-28 13:54:33: server is running at 3000 port...
2018-12-28 13:54:34: server is running at 3000 port...
2018-12-28 13:54:35: server is running at 3000 port...
2018-12-28 13:54:35: server is running at 3000 port...
2018-12-28 13:54:35: server is running at 3000 port...
2018-12-28 13:54:36: server is running at 3000 port...
2018-12-28 13:54:36: server is running at 3000 port...
2018-12-28 13:54:36: server is running at 3000 port...
2018-12-28 13:54:36: server is running at 3000 port...
2018-12-28 13:54:37: server is running at 3000 port...
2018-12-28 13:54:37: server is running at 3000 port...
2018-12-28 13:54:38: server is running at 3000 port...
2018-12-28 13:54:38: server is running at 3000 port...
2018-12-28 13:54:38: server is running at 3000 port...
2018-12-28 13:54:39: server is running at 3000 port...
2018-12-28 13:54:39: server is running at 3000 port...
2018-12-28 13:54:39: server is running at 3000 port...
2018-12-28 13:54:40: server is running at 3000 port...
2018-12-28 13:56:13: server is running at 3000 port...
2018-12-28 13:56:13: server is running at 3000 port...
2018-12-28 13:56:13: server is running at 3000 port...
2018-12-28 13:56:13: server is running at 3000 port...
2018-12-28 13:56:14: server is running at 3000 port...
2018-12-28 13:56:14: server is running at 3000 port...
2018-12-28 13:56:14: server is running at 3000 port...
2018-12-28 13:56:14: server is running at 3000 port...
2018-12-28 13:56:15: server is running at 3000 port...
2018-12-28 13:56:16: server is running at 3000 port...
2018-12-28 13:56:16: server is running at 3000 port...
2018-12-28 13:56:16: server is running at 3000 port...
2018-12-28 13:56:17: server is running at 3000 port...
2018-12-28 13:56:17: server is running at 3000 port...
2018-12-28 13:56:17: server is running at 3000 port...
2018-12-28 13:56:17: server is running at 3000 port...
2018-12-28 13:56:18: server is running at 3000 port...
2018-12-28 13:56:18: server is running at 3000 port...
2018-12-28 13:56:18: server is running at 3000 port...
2018-12-28 13:56:19: server is running at 3000 port...
2018-12-28 13:56:19: server is running at 3000 port...
2018-12-28 13:56:20: server is running at 3000 port...
2018-12-28 13:56:20: server is running at 3000 port...
2018-12-28 13:56:20: server is running at 3000 port...
2018-12-28 13:56:21: server is running at 3000 port...
2018-12-28 13:56:21: server is running at 3000 port...
2018-12-28 13:56:21: server is running at 3000 port...
2018-12-28 13:56:21: server is running at 3000 port...
2018-12-28 13:56:22: server is running at 3000 port...
2018-12-28 13:56:22: server is running at 3000 port...
2018-12-28 13:56:22: server is running at 3000 port...
2018-12-28 13:56:23: server is running at 3000 port...
2018-12-28 13:56:24: server is running at 3000 port...
2018-12-28 13:56:24: server is running at 3000 port...
2018-12-28 13:56:24: server is running at 3000 port...
2018-12-28 13:56:24: server is running at 3000 port...
2018-12-28 13:56:25: server is running at 3000 port...
2018-12-28 13:56:25: server is running at 3000 port...
2018-12-28 13:56:25: server is running at 3000 port...
2018-12-28 13:56:26: server is running at 3000 port...
2018-12-28 13:56:26: server is running at 3000 port...
2018-12-28 13:56:26: server is running at 3000 port...
2018-12-28 13:56:27: server is running at 3000 port...
2018-12-28 13:56:27: server is running at 3000 port...
2018-12-28 13:56:28: server is running at 3000 port...
2018-12-28 13:56:28: server is running at 3000 port...
2018-12-28 13:56:28: server is running at 3000 port...
2018-12-28 13:56:28: server is running at 3000 port...
2018-12-28 13:56:29: server is running at 3000 port...
2018-12-28 13:56:29: server is running at 3000 port...
2018-12-28 13:56:29: server is running at 3000 port...
2018-12-28 13:56:30: server is running at 3000 port...
2018-12-28 13:56:30: server is running at 3000 port...
2018-12-28 13:56:30: server is running at 3000 port...
2018-12-28 13:56:31: server is running at 3000 port...
2018-12-28 13:56:31: server is running at 3000 port...
2018-12-28 13:56:32: server is running at 3000 port...
2018-12-28 13:56:32: server is running at 3000 port...
2018-12-28 13:56:32: server is running at 3000 port...
2018-12-28 13:56:33: server is running at 3000 port...
2018-12-28 13:56:33: server is running at 3000 port...
2018-12-28 13:56:33: server is running at 3000 port...
2018-12-28 13:56:34: server is running at 3000 port...
2018-12-28 13:56:34: server is running at 3000 port...
2018-12-28 13:56:35: server is running at 3000 port...
2018-12-28 13:56:35: server is running at 3000 port...
2018-12-28 13:56:35: server is running at 3000 port...
2018-12-28 13:56:36: server is running at 3000 port...
2018-12-28 13:56:36: server is running at 3000 port...
2018-12-28 13:56:36: server is running at 3000 port...
2018-12-28 13:56:37: server is running at 3000 port...
2018-12-28 13:56:37: server is running at 3000 port...
2018-12-28 13:56:38: server is running at 3000 port...
2018-12-28 13:56:38: server is running at 3000 port...
2018-12-28 13:56:38: server is running at 3000 port...
2018-12-28 13:56:38: server is running at 3000 port...
2018-12-28 13:56:39: server is running at 3000 port...
2018-12-28 13:56:39: server is running at 3000 port...
2018-12-28 13:56:40: server is running at 3000 port...
2018-12-28 13:56:40: server is running at 3000 port...
2018-12-28 13:56:41: server is running at 3000 port...
2018-12-28 13:56:41: server is running at 3000 port...
2018-12-28 13:56:41: server is running at 3000 port...
2018-12-28 13:56:42: server is running at 3000 port...
2018-12-28 13:56:42: server is running at 3000 port...
2018-12-28 13:56:43: server is running at 3000 port...
2018-12-28 13:56:44: server is running at 3000 port...
2018-12-28 13:56:44: server is running at 3000 port...
2018-12-28 13:56:44: server is running at 3000 port...
2018-12-28 13:56:44: server is running at 3000 port...
2018-12-28 13:56:45: server is running at 3000 port...
2018-12-28 13:56:45: server is running at 3000 port...
2018-12-28 13:56:46: server is running at 3000 port...
2018-12-28 13:56:46: server is running at 3000 port...
2018-12-28 13:56:47: server is running at 3000 port...
2018-12-28 13:56:47: server is running at 3000 port...
2018-12-28 13:56:48: server is running at 3000 port...
2018-12-28 13:56:48: server is running at 3000 port...
2018-12-28 13:56:49: server is running at 3000 port...
2018-12-28 13:56:49: server is running at 3000 port...
2018-12-28 13:56:49: server is running at 3000 port...
2018-12-28 13:56:49: server is running at 3000 port...
2018-12-28 13:56:50: server is running at 3000 port...
2018-12-28 13:56:50: server is running at 3000 port...
2018-12-28 13:56:51: server is running at 3000 port...
2018-12-28 13:56:51: server is running at 3000 port...
2018-12-28 13:56:52: server is running at 3000 port...
2018-12-28 13:56:52: server is running at 3000 port...
2018-12-28 13:56:52: server is running at 3000 port...
2018-12-28 13:56:52: server is running at 3000 port...
2018-12-28 13:56:53: server is running at 3000 port...
2018-12-28 13:56:53: server is running at 3000 port...
2018-12-28 13:56:53: server is running at 3000 port...
2018-12-28 13:56:53: server is running at 3000 port...
2018-12-28 13:56:54: server is running at 3000 port...
2018-12-28 13:56:54: server is running at 3000 port...
2018-12-28 13:56:54: server is running at 3000 port...
2018-12-28 13:56:55: server is running at 3000 port...
2018-12-28 13:56:55: server is running at 3000 port...
2018-12-28 13:56:56: server is running at 3000 port...
2018-12-28 13:56:56: server is running at 3000 port...
2018-12-28 13:56:58: server is running at 3000 port...
2018-12-28 13:56:58: server is running at 3000 port...
2018-12-28 13:56:59: server is running at 3000 port...
2018-12-28 13:56:59: server is running at 3000 port...
2018-12-28 13:57:00: server is running at 3000 port...
2018-12-28 13:57:00: server is running at 3000 port...
2018-12-28 13:57:01: server is running at 3000 port...
2018-12-28 13:57:01: server is running at 3000 port...
2018-12-28 13:57:02: server is running at 3000 port...
2018-12-28 13:57:02: server is running at 3000 port...
2018-12-28 13:57:03: server is running at 3000 port...
2018-12-28 13:57:03: server is running at 3000 port...
2018-12-28 13:57:04: server is running at 3000 port...
2018-12-28 13:57:04: server is running at 3000 port...
2018-12-28 13:57:05: server is running at 3000 port...
2018-12-28 13:57:05: server is running at 3000 port...
2018-12-28 13:57:06: server is running at 3000 port...
2018-12-28 13:57:06: server is running at 3000 port...
2018-12-28 13:57:07: server is running at 3000 port...
2018-12-28 13:57:07: server is running at 3000 port...
2018-12-28 13:57:08: server is running at 3000 port...
2018-12-28 13:57:08: server is running at 3000 port...
2018-12-28 13:57:09: server is running at 3000 port...
2018-12-28 13:57:09: server is running at 3000 port...
2018-12-28 13:57:10: server is running at 3000 port...
2018-12-28 13:57:10: server is running at 3000 port...
2018-12-28 13:57:11: server is running at 3000 port...
2018-12-28 13:57:11: server is running at 3000 port...
2018-12-28 13:57:12: server is running at 3000 port...
2018-12-28 13:57:12: server is running at 3000 port...
2018-12-28 13:57:13: server is running at 3000 port...
2018-12-28 13:57:13: server is running at 3000 port...
2018-12-28 13:57:14: server is running at 3000 port...
2018-12-28 13:57:14: server is running at 3000 port...
2018-12-28 13:57:15: server is running at 3000 port...
2018-12-28 13:57:15: server is running at 3000 port...
2018-12-28 13:57:17: server is running at 3000 port...
2018-12-28 13:57:17: server is running at 3000 port...
2018-12-28 13:57:18: server is running at 3000 port...
2018-12-28 13:57:18: server is running at 3000 port...
2018-12-28 13:57:19: server is running at 3000 port...
2018-12-28 13:57:19: server is running at 3000 port...
2018-12-28 13:57:20: server is running at 3000 port...
2018-12-28 13:57:20: server is running at 3000 port...
2018-12-28 13:57:21: server is running at 3000 port...
2018-12-28 13:57:21: server is running at 3000 port...
2018-12-28 13:57:22: server is running at 3000 port...
2018-12-28 13:57:23: server is running at 3000 port...
2018-12-28 13:57:24: server is running at 3000 port...
2018-12-28 13:57:24: server is running at 3000 port...
2018-12-28 13:57:25: server is running at 3000 port...
2018-12-28 13:57:25: server is running at 3000 port...
2018-12-28 13:57:26: server is running at 3000 port...
2018-12-28 13:57:26: server is running at 3000 port...
2018-12-28 13:57:27: server is running at 3000 port...
2018-12-28 13:57:28: server is running at 3000 port...
2018-12-28 13:57:28: server is running at 3000 port...
2018-12-28 13:57:28: server is running at 3000 port...
2018-12-28 13:57:29: server is running at 3000 port...
2018-12-28 13:57:30: server is running at 3000 port...
2018-12-28 13:57:31: server is running at 3000 port...
2018-12-28 13:57:32: server is running at 3000 port...
2018-12-28 13:57:33: server is running at 3000 port...
2018-12-28 13:57:34: server is running at 3000 port...
2018-12-28 13:57:35: server is running at 3000 port...
2018-12-28 13:57:36: server is running at 3000 port...
2018-12-28 13:57:37: server is running at 3000 port...
2018-12-28 13:57:38: server is running at 3000 port...
2018-12-28 13:57:38: server is running at 3000 port...
2018-12-28 13:57:39: server is running at 3000 port...
2018-12-28 13:57:40: server is running at 3000 port...
2018-12-28 13:57:41: server is running at 3000 port...
2018-12-28 13:57:42: server is running at 3000 port...
2018-12-28 13:57:43: server is running at 3000 port...
2018-12-28 13:57:44: server is running at 3000 port...
2018-12-28 13:57:45: server is running at 3000 port...
2018-12-28 13:57:46: server is running at 3000 port...
2018-12-28 13:57:47: server is running at 3000 port...
2018-12-28 13:57:48: server is running at 3000 port...
2018-12-28 13:57:48: server is running at 3000 port...
2018-12-28 13:57:49: server is running at 3000 port...
2018-12-28 13:57:50: server is running at 3000 port...
2018-12-28 13:57:51: server is running at 3000 port...
2018-12-28 13:57:52: server is running at 3000 port...
2018-12-28 13:59:07: server is running at 3000 port...
2018-12-28 13:59:07: server is running at 3000 port...
2018-12-28 13:59:07: server is running at 3000 port...
2018-12-28 13:59:07: server is running at 3000 port...
2018-12-28 13:59:08: server is running at 3000 port...
2018-12-28 13:59:08: server is running at 3000 port...
2018-12-28 13:59:08: server is running at 3000 port...
2018-12-28 13:59:08: server is running at 3000 port...
2018-12-28 13:59:10: server is running at 3000 port...
2018-12-28 13:59:10: server is running at 3000 port...
2018-12-28 13:59:10: server is running at 3000 port...
2018-12-28 13:59:10: server is running at 3000 port...
2018-12-28 13:59:11: server is running at 3000 port...
2018-12-28 13:59:11: server is running at 3000 port...
2018-12-28 13:59:11: server is running at 3000 port...
2018-12-28 13:59:11: server is running at 3000 port...
2018-12-28 13:59:13: server is running at 3000 port...
2018-12-28 13:59:13: server is running at 3000 port...
2018-12-28 13:59:13: server is running at 3000 port...
2018-12-28 13:59:13: server is running at 3000 port...
2018-12-28 13:59:14: server is running at 3000 port...
2018-12-28 13:59:14: server is running at 3000 port...
2018-12-28 13:59:14: server is running at 3000 port...
2018-12-28 13:59:14: server is running at 3000 port...
2018-12-28 13:59:15: server is running at 3000 port...
2018-12-28 13:59:15: server is running at 3000 port...
2018-12-28 13:59:15: server is running at 3000 port...
2018-12-28 13:59:16: server is running at 3000 port...
2018-12-28 13:59:17: server is running at 3000 port...
2018-12-28 13:59:17: server is running at 3000 port...
2018-12-28 13:59:17: server is running at 3000 port...
2018-12-28 13:59:18: server is running at 3000 port...
2018-12-28 13:59:19: server is running at 3000 port...
2018-12-28 13:59:19: server is running at 3000 port...
2018-12-28 13:59:19: server is running at 3000 port...
2018-12-28 13:59:19: server is running at 3000 port...
2018-12-28 13:59:20: server is running at 3000 port...
2018-12-28 13:59:20: server is running at 3000 port...
2018-12-28 13:59:20: server is running at 3000 port...
2018-12-28 13:59:20: server is running at 3000 port...
2018-12-28 13:59:21: server is running at 3000 port...
2018-12-28 13:59:21: server is running at 3000 port...
2018-12-28 13:59:21: server is running at 3000 port...
2018-12-28 13:59:22: server is running at 3000 port...
2018-12-28 13:59:23: server is running at 3000 port...
2018-12-28 13:59:23: server is running at 3000 port...
2018-12-28 13:59:23: server is running at 3000 port...
2018-12-28 13:59:23: server is running at 3000 port...
2018-12-28 13:59:24: server is running at 3000 port...
2018-12-28 13:59:24: server is running at 3000 port...
2018-12-28 13:59:24: server is running at 3000 port...
2018-12-28 13:59:25: server is running at 3000 port...
2018-12-28 13:59:25: server is running at 3000 port...
2018-12-28 13:59:25: server is running at 3000 port...
2018-12-28 13:59:25: server is running at 3000 port...
2018-12-28 13:59:26: server is running at 3000 port...
2018-12-28 13:59:26: server is running at 3000 port...
2018-12-28 13:59:27: server is running at 3000 port...
2018-12-28 13:59:27: server is running at 3000 port...
2018-12-28 13:59:28: server is running at 3000 port...
2018-12-28 13:59:28: server is running at 3000 port...
2018-12-28 13:59:28: server is running at 3000 port...
2018-12-28 13:59:28: server is running at 3000 port...
2018-12-28 13:59:29: server is running at 3000 port...
2018-12-28 13:59:29: server is running at 3000 port...
2018-12-28 13:59:29: server is running at 3000 port...
2018-12-28 13:59:29: server is running at 3000 port...
2018-12-28 13:59:30: server is running at 3000 port...
2018-12-28 13:59:31: server is running at 3000 port...
2018-12-28 13:59:31: server is running at 3000 port...
2018-12-28 13:59:31: server is running at 3000 port...
2018-12-28 13:59:32: server is running at 3000 port...
2018-12-28 13:59:32: server is running at 3000 port...
2018-12-28 13:59:32: server is running at 3000 port...
2018-12-28 13:59:32: server is running at 3000 port...
2018-12-28 13:59:33: server is running at 3000 port...
2018-12-28 13:59:33: server is running at 3000 port...
2018-12-28 13:59:33: server is running at 3000 port...
2018-12-28 13:59:33: server is running at 3000 port...
2018-12-28 13:59:35: server is running at 3000 port...
2018-12-28 13:59:35: server is running at 3000 port...
2018-12-28 13:59:35: server is running at 3000 port...
2018-12-28 13:59:35: server is running at 3000 port...
2018-12-28 13:59:36: server is running at 3000 port...
2018-12-28 13:59:36: server is running at 3000 port...
2018-12-28 13:59:36: server is running at 3000 port...
2018-12-28 13:59:36: server is running at 3000 port...
2018-12-28 13:59:38: server is running at 3000 port...
2018-12-28 13:59:38: server is running at 3000 port...
2018-12-28 13:59:38: server is running at 3000 port...
2018-12-28 13:59:38: server is running at 3000 port...
2018-12-28 13:59:39: server is running at 3000 port...
2018-12-28 13:59:39: server is running at 3000 port...
2018-12-28 13:59:39: server is running at 3000 port...
2018-12-28 14:00:22: server is running at 3000 port...
2018-12-28 14:00:22: server is running at 3000 port...
2018-12-28 14:00:22: server is running at 3000 port...
2018-12-28 14:00:22: server is running at 3000 port...
2018-12-28 14:00:23: server is running at 3000 port...
2018-12-28 14:00:23: server is running at 3000 port...
2018-12-28 14:00:23: server is running at 3000 port...
2018-12-28 14:00:23: server is running at 3000 port...
2018-12-28 14:00:24: server is running at 3000 port...
2018-12-28 14:00:24: server is running at 3000 port...
2018-12-28 14:00:24: server is running at 3000 port...
2018-12-28 14:00:24: server is running at 3000 port...
2018-12-28 14:00:25: server is running at 3000 port...
2018-12-28 14:00:25: server is running at 3000 port...
2018-12-28 14:00:25: server is running at 3000 port...
2018-12-28 14:00:25: server is running at 3000 port...
2018-12-28 14:00:26: server is running at 3000 port...
2018-12-28 14:00:26: server is running at 3000 port...
2018-12-28 14:00:26: server is running at 3000 port...
2018-12-28 14:00:26: server is running at 3000 port...
2018-12-28 14:00:27: server is running at 3000 port...
2018-12-28 14:00:27: server is running at 3000 port...
2018-12-28 14:00:27: server is running at 3000 port...
2018-12-28 14:00:28: server is running at 3000 port...
2018-12-28 14:00:28: server is running at 3000 port...
2018-12-28 14:00:28: server is running at 3000 port...
2018-12-28 14:00:28: server is running at 3000 port...
2018-12-28 14:00:29: server is running at 3000 port...
2018-12-28 14:00:29: server is running at 3000 port...
2018-12-28 14:00:29: server is running at 3000 port...
2018-12-28 14:00:29: server is running at 3000 port...
2018-12-28 14:00:30: server is running at 3000 port...
2018-12-28 14:00:30: server is running at 3000 port...
2018-12-28 14:00:30: server is running at 3000 port...
2018-12-28 14:00:30: server is running at 3000 port...
2018-12-28 14:00:31: server is running at 3000 port...
2018-12-28 14:00:31: server is running at 3000 port...
2018-12-28 14:00:31: server is running at 3000 port...
2018-12-28 14:00:32: server is running at 3000 port...
2018-12-28 14:00:32: server is running at 3000 port...
2018-12-28 14:00:32: server is running at 3000 port...
2018-12-28 14:00:32: server is running at 3000 port...
2018-12-28 14:00:33: server is running at 3000 port...
2018-12-28 14:00:33: server is running at 3000 port...
2018-12-28 14:00:34: server is running at 3000 port...
2018-12-28 14:00:34: server is running at 3000 port...
2018-12-28 14:00:34: server is running at 3000 port...
2018-12-28 14:00:34: server is running at 3000 port...
2018-12-28 14:00:35: server is running at 3000 port...
2018-12-28 14:00:35: server is running at 3000 port...
2018-12-28 14:00:35: server is running at 3000 port...
2018-12-28 14:00:35: server is running at 3000 port...
2018-12-28 14:00:36: server is running at 3000 port...
2018-12-28 14:00:36: server is running at 3000 port...
2018-12-28 14:00:36: server is running at 3000 port...
2018-12-28 14:00:36: server is running at 3000 port...
2018-12-28 14:00:37: server is running at 3000 port...
2018-12-28 14:00:37: server is running at 3000 port...
2018-12-28 14:00:37: server is running at 3000 port...
2018-12-28 14:00:37: server is running at 3000 port...
2018-12-28 14:00:38: server is running at 3000 port...
2018-12-28 14:00:38: server is running at 3000 port...
2018-12-28 14:00:38: server is running at 3000 port...
2018-12-28 14:00:39: server is running at 3000 port...
2018-12-28 14:00:39: server is running at 3000 port...
2018-12-28 14:00:39: server is running at 3000 port...
2018-12-28 14:00:39: server is running at 3000 port...
2018-12-28 14:00:40: server is running at 3000 port...
2018-12-28 14:00:40: server is running at 3000 port...
2018-12-28 14:00:40: server is running at 3000 port...
2018-12-28 14:00:40: server is running at 3000 port...
2018-12-28 14:00:41: server is running at 3000 port...
2018-12-28 14:00:41: server is running at 3000 port...
2018-12-28 14:00:41: server is running at 3000 port...
2018-12-28 14:00:41: server is running at 3000 port...
2018-12-28 14:00:42: server is running at 3000 port...
2018-12-28 14:00:42: server is running at 3000 port...
2018-12-28 14:00:42: server is running at 3000 port...
2018-12-28 14:00:42: server is running at 3000 port...
2018-12-28 14:00:43: server is running at 3000 port...
2018-12-28 14:00:43: server is running at 3000 port...
2018-12-28 14:00:43: server is running at 3000 port...
2018-12-28 14:00:43: server is running at 3000 port...
2018-12-28 14:00:44: server is running at 3000 port...
2018-12-28 14:00:45: server is running at 3000 port...
2018-12-28 14:00:45: server is running at 3000 port...
2018-12-28 14:00:45: server is running at 3000 port...
2018-12-28 14:00:46: server is running at 3000 port...
2018-12-28 14:00:46: server is running at 3000 port...
2018-12-28 14:00:47: server is running at 3000 port...
2018-12-28 14:00:47: server is running at 3000 port...
2018-12-28 14:00:47: server is running at 3000 port...
2018-12-28 14:00:48: server is running at 3000 port...
2018-12-28 14:00:48: server is running at 3000 port...
2018-12-28 14:00:48: server is running at 3000 port...
2018-12-28 14:00:48: server is running at 3000 port...
2018-12-28 14:00:49: server is running at 3000 port...
2018-12-28 14:00:49: server is running at 3000 port...
2018-12-28 14:00:49: server is running at 3000 port...
2018-12-28 14:00:50: server is running at 3000 port...
2018-12-28 14:00:50: server is running at 3000 port...
2018-12-28 14:00:51: server is running at 3000 port...
2018-12-28 14:00:51: server is running at 3000 port...
2018-12-28 14:00:51: server is running at 3000 port...
2018-12-28 14:00:52: server is running at 3000 port...
2018-12-28 14:00:52: server is running at 3000 port...
2018-12-28 14:00:52: server is running at 3000 port...
2018-12-28 14:00:52: server is running at 3000 port...
2018-12-28 14:00:53: server is running at 3000 port...
2018-12-28 14:00:53: server is running at 3000 port...
2018-12-28 14:00:53: server is running at 3000 port...
2018-12-28 14:00:54: server is running at 3000 port...
2018-12-28 14:00:55: server is running at 3000 port...
2018-12-28 14:00:55: server is running at 3000 port...
2018-12-28 14:00:55: server is running at 3000 port...
2018-12-28 14:00:55: server is running at 3000 port...
2018-12-28 14:00:56: server is running at 3000 port...
2018-12-28 14:00:56: server is running at 3000 port...
2018-12-28 14:00:56: server is running at 3000 port...
2018-12-28 14:00:57: server is running at 3000 port...
